[debug] [2019-05-27T22:38:27.802Z] ----------------------------------------------------------------------
[debug] [2019-05-27T22:38:27.806Z] Command:       C:\Program Files\nodejs\node.exe C:\Users\perez.juan.jose\AppData\Roaming\npm\node_modules\firebase-tools\lib\bin\firebase.js deploy
[debug] [2019-05-27T22:38:27.806Z] CLI Version:   6.10.0
[debug] [2019-05-27T22:38:27.806Z] Platform:      win32
[debug] [2019-05-27T22:38:27.806Z] Node Version:  v10.13.0
[debug] [2019-05-27T22:38:27.810Z] Time:          Mon May 27 2019 19:38:27 GMT-0300 (GMT-03:00)
[debug] [2019-05-27T22:38:27.810Z] ----------------------------------------------------------------------
[debug] 
[debug] [2019-05-27T22:38:27.822Z] > command requires scopes: ["email","openid","https://www.googleapis.com/auth/cloudplatformprojects.readonly","https://www.googleapis.com/auth/firebase","https://www.googleapis.com/auth/cloud-platform"]
[debug] [2019-05-27T22:38:27.823Z] > authorizing via signed-in user
[debug] [2019-05-27T22:38:27.823Z] [iam] checking project nutraltest for permissions ["cloudfunctions.functions.create","cloudfunctions.functions.delete","cloudfunctions.functions.get","cloudfunctions.functions.list","cloudfunctions.functions.update","cloudfunctions.operations.get","datastore.indexes.create","datastore.indexes.delete","datastore.indexes.list","datastore.indexes.update","firebase.projects.get","firebasedatabase.instances.update","firebasehosting.sites.update","firebaserules.releases.create","firebaserules.releases.update","firebaserules.rulesets.create"]
[debug] [2019-05-27T22:38:27.826Z] >>> HTTP REQUEST POST https://cloudresourcemanager.googleapis.com/v1/projects/nutraltest:testIamPermissions  

[debug] [2019-05-27T22:38:29.126Z] <<< HTTP RESPONSE 200
[debug] [2019-05-27T22:38:29.130Z] >>> HTTP REQUEST GET https://firebase.googleapis.com/v1beta1/projects/nutraltest  
 
[debug] [2019-05-27T22:38:30.361Z] <<< HTTP RESPONSE 200
[info] 
[info] === Deploying to 'nutraltest'...
[info] 
[info] i  deploying database, storage, firestore, functions, hosting
[info] Running command: npm --prefix "%RESOURCE_DIR%" run lint
[info] Running command: npm --prefix "%RESOURCE_DIR%" run build
[info] +  functions: Finished running predeploy script.
[info] i  database: checking rules syntax...
[debug] [2019-05-27T22:38:58.048Z] >>> HTTP REQUEST PUT https://nutraltest.firebaseio.com/.settings/rules.json?dryRun=true  
 {
  /* Visit https://firebase.google.com/docs/database/security to learn more about security rules. */
  "rules": {
    ".read": false,
    ".write": false
  }
}
[debug] [2019-05-27T22:38:59.009Z] <<< HTTP RESPONSE 200
[info] +  database: rules syntax for database nutraltest is valid
[debug] [2019-05-27T22:38:59.015Z] >>> HTTP REQUEST GET https://appengine.googleapis.com/v1/apps/nutraltest  
 
[debug] [2019-05-27T22:39:00.394Z] <<< HTTP RESPONSE 200
[info] i  storage: checking storage.rules for compilation errors...
[debug] [2019-05-27T22:39:00.398Z] >>> HTTP REQUEST POST https://firebaserules.googleapis.com/v1/projects/nutraltest:test  

[debug] [2019-05-27T22:39:01.466Z] <<< HTTP RESPONSE 200
[info] +  storage: rules file storage.rules compiled successfully
[info] i  firestore: checking firestore.rules for compilation errors...
[info] i  firestore: reading indexes from firestore.indexes.json...
[debug] [2019-05-27T22:39:01.473Z] >>> HTTP REQUEST POST https://firebaserules.googleapis.com/v1/projects/nutraltest:test  

[debug] [2019-05-27T22:39:01.699Z] <<< HTTP RESPONSE 200
[info] +  firestore: rules file firestore.rules compiled successfully
[debug] [2019-05-27T22:39:01.704Z] > [functions] package.json contents: {
  "name": "functions",
  "engines": {
    "node": "8"
  },
  "scripts": {
    "lint": "tslint --project tsconfig.json",
    "build": "tsc",
    "serve": "npm run build && firebase serve --only functions",
    "shell": "npm run build && firebase functions:shell",
    "start": "npm run shell",
    "deploy": "firebase deploy --only functions",
    "logs": "firebase functions:log"
  },
  "main": "lib/index.js",
  "dependencies": {
    "axios": "^0.18.0",
    "cors": "^2.8.5",
    "firebase-admin": "^7.3.0",
    "firebase-functions": "^2.3.0",
    "https": "^1.0.0",
    "mssql": "^5.1.0",
    "npm": "^6.9.0"
  },
  "devDependencies": {
    "tslint": "^5.12.0",
    "typescript": "^3.4.5"
  },
  "private": true
}
[info] i  functions: ensuring necessary APIs are enabled...
[debug] [2019-05-27T22:39:01.706Z] >>> HTTP REQUEST GET https://servicemanagement.googleapis.com/v1/services/cloudfunctions.googleapis.com/projectSettings/nutraltest?view=CONSUMER_VIEW  
 
[debug] [2019-05-27T22:39:01.706Z] >>> HTTP REQUEST GET https://servicemanagement.googleapis.com/v1/services/runtimeconfig.googleapis.com/projectSettings/nutraltest?view=CONSUMER_VIEW  
 
[debug] [2019-05-27T22:39:03.428Z] <<< HTTP RESPONSE 200
[debug] [2019-05-27T22:39:03.605Z] <<< HTTP RESPONSE 200
[info] +  functions: all necessary APIs are enabled
[debug] [2019-05-27T22:39:03.608Z] >>> HTTP REQUEST GET https://cloudresourcemanager.googleapis.com/v1/projects/nutraltest  
 
[debug] [2019-05-27T22:39:04.804Z] <<< HTTP RESPONSE 200
[debug] [2019-05-27T22:39:04.805Z] >>> HTTP REQUEST GET https://mobilesdk-pa.googleapis.com/v1/projects/574418147348:getServerAppConfig  
 
[debug] [2019-05-27T22:39:08.295Z] <<< HTTP RESPONSE 200
[debug] [2019-05-27T22:39:08.297Z] >>> HTTP REQUEST POST https://firebasehosting.googleapis.com/v1beta1/sites/nutraltest/versions  

[debug] [2019-05-27T22:39:10.267Z] <<< HTTP RESPONSE 200
[info] i  storage: uploading rules storage.rules...
[debug] [2019-05-27T22:39:10.272Z] >>> HTTP REQUEST POST https://firebaserules.googleapis.com/v1/projects/nutraltest/rulesets  

[debug] [2019-05-27T22:39:11.438Z] <<< HTTP RESPONSE 200
[debug] [2019-05-27T22:39:11.440Z] [rules] created ruleset projects/nutraltest/rulesets/c5c25784-711e-4c40-80d7-17a930d06833
[info] i  firestore: uploading rules firestore.rules...
[debug] [2019-05-27T22:39:11.450Z] >>> HTTP REQUEST POST https://firebaserules.googleapis.com/v1/projects/nutraltest/rulesets  

[debug] [2019-05-27T22:39:11.452Z] >>> HTTP REQUEST GET https://firestore.googleapis.com/v1beta2/projects/nutraltest/databases/(default)/collectionGroups/-/indexes  
 
[debug] [2019-05-27T22:39:11.840Z] <<< HTTP RESPONSE 200
[debug] [2019-05-27T22:39:11.841Z] [rules] created ruleset projects/nutraltest/rulesets/b03919bf-81b5-49de-aec0-5cd37323a9dc
[debug] [2019-05-27T22:39:12.682Z] <<< HTTP RESPONSE 200
[debug] [2019-05-27T22:39:12.682Z] >>> HTTP REQUEST GET https://firestore.googleapis.com/v1beta2/projects/nutraltest/databases/(default)/collectionGroups/-/fields?filter=indexConfig.usesAncestorConfig=false  
 
[debug] [2019-05-27T22:39:13.832Z] <<< HTTP RESPONSE 200
[info] i  firestore: there are some indexes defined in your project that are not present in your firestore indexes file. Run firebase firestore:indexes and save the result to correct the discrepancy.
[info] +  firestore: deployed indexes in firestore.indexes.json successfully
[info] i  functions: preparing functions directory for uploading...
[debug] [2019-05-27T22:39:13.841Z] >>> HTTP REQUEST GET https://runtimeconfig.googleapis.com/v1beta1/projects/nutraltest/configs  
 
[debug] [2019-05-27T22:39:14.159Z] <<< HTTP RESPONSE 200
[info] i  functions: packaged functions (65.84 KB) for uploading
[debug] [2019-05-27T22:39:15.426Z] >>> HTTP REQUEST POST https://cloudfunctions.googleapis.com/v1/projects/nutraltest/locations/us-central1/functions:generateUploadUrl  
 
[debug] [2019-05-27T22:39:16.690Z] <<< HTTP RESPONSE 200
[debug] [2019-05-27T22:39:16.692Z] >>> HTTP REQUEST PUT https://storage.googleapis.com/gcf-upload-us-central1-f380c7da-0fb5-48c4-b403-fada2be25dbc/7df7ddf5-e860-4d87-ad21-048ad42b523e.zip?GoogleAccessId=service-574418147348@gcf-admin-robot.iam.gserviceaccount.com&Expires=1558998611&Signature=ltJRGvLebU6z%2Bt249VF1F2UKKt%2F9fVraqXUNmMVS7ObdMa47mMpGk%2BCQirbUlF5PE7dUVPwMQDfvRe9P%2FP5uQp9yAcdSP0CCQLnII9oAmcHKIhPFSqc3a5H%2BeT5HXI7GWQ2F9VBF3VxjkZ0X0vLb%2FZlZF23GBhpORJTp6vYhv211faPcgOU%2Fy4%2F3kJB91Ym3mswszwkxd3gK%2BX180zWkhFZ5Zgp9yTVVPDreGqBXq6rCfql%2B%2FukgQ%2BRoVV1lfQylHHITmOvjUpRqGqAeEfWk8eFa0lu2pcql5IpiWJfjiKbrrKVaWqTRqao8YVI57m9uxOYjTxMzPo602Lnxjwsabw%3D%3D  

[debug] [2019-05-27T22:39:17.325Z] <<< HTTP RESPONSE 200
[info] +  functions: functions folder uploaded successfully
[info] i  hosting[nutraltest]: beginning deploy...
[info] i  hosting[nutraltest]: found 27 files in dist
[debug] [2019-05-27T22:39:17.390Z] [hosting] hash cache [ZGlzdA] load error: lines is not defined
[debug] [2019-05-27T22:39:18.408Z] [hosting] hash cache [ZGlzdA] stored for 27 files
[debug] [2019-05-27T22:39:18.408Z] [hosting][hash queue][FINAL]
[debug] [2019-05-27T22:39:18.408Z] >>> HTTP REQUEST POST https://firebasehosting.googleapis.com/v1beta1/sites/nutraltest/versions/449887f952e0a8af:populateFiles  
 <request body omitted>
[debug] [2019-05-27T22:39:20.334Z] <<< HTTP RESPONSE 200
[debug] [2019-05-27T22:39:20.336Z] [hosting][populate queue][FINAL]
[debug] [2019-05-27T22:39:20.336Z] [hosting] uploads queued: 0
[debug] [2019-05-27T22:39:20.337Z] [hosting][upload queue][FINAL]
[info] +  hosting[nutraltest]: file upload complete
[debug] [2019-05-27T22:39:20.344Z] [hosting] deploy completed after 3008ms
[info] i  database: releasing rules...
[debug] [2019-05-27T22:39:20.619Z] >>> HTTP REQUEST PUT https://nutraltest.firebaseio.com/.settings/rules.json  
 {
  /* Visit https://firebase.google.com/docs/database/security to learn more about security rules. */
  "rules": {
    ".read": false,
    ".write": false
  }
}
[debug] [2019-05-27T22:39:21.246Z] <<< HTTP RESPONSE 200
[info] +  database: rules for database nutraltest released successfully
[debug] [2019-05-27T22:39:21.248Z] [rules] releasing firebase.storage/nutraltest.appspot.com with ruleset projects/nutraltest/rulesets/c5c25784-711e-4c40-80d7-17a930d06833
[debug] [2019-05-27T22:39:21.249Z] >>> HTTP REQUEST PATCH https://firebaserules.googleapis.com/v1/projects/nutraltest/releases/firebase.storage/nutraltest.appspot.com  

[debug] [2019-05-27T22:39:22.454Z] <<< HTTP RESPONSE 200
[debug] [2019-05-27T22:39:22.455Z] [rules] updated release projects/nutraltest/releases/firebase.storage/nutraltest.appspot.com
[info] +  storage: released rules storage.rules to firebase.storage/nutraltest.appspot.com
[debug] [2019-05-27T22:39:22.457Z] [rules] releasing cloud.firestore with ruleset projects/nutraltest/rulesets/b03919bf-81b5-49de-aec0-5cd37323a9dc
[debug] [2019-05-27T22:39:22.457Z] >>> HTTP REQUEST PATCH https://firebaserules.googleapis.com/v1/projects/nutraltest/releases/cloud.firestore  

[debug] [2019-05-27T22:39:23.633Z] <<< HTTP RESPONSE 200
[debug] [2019-05-27T22:39:23.633Z] [rules] updated release projects/nutraltest/releases/cloud.firestore
[info] +  firestore: released rules firestore.rules to cloud.firestore
[debug] [2019-05-27T22:39:23.638Z] >>> HTTP REQUEST GET https://cloudfunctions.googleapis.com/v1/projects/nutraltest/locations/-/functions  
 
[debug] [2019-05-27T22:39:24.975Z] <<< HTTP RESPONSE 200
[info] i  functions: updating Node.js 8 function sql_get2(us-central1)...
[debug] [2019-05-27T22:39:25.006Z] Trigger is:  {"httpsTrigger":{}}
[info] i  functions: updating Node.js 8 function sql_getDatosEmpresa(us-central1)...
[debug] [2019-05-27T22:39:25.014Z] Trigger is:  {"httpsTrigger":{}}
[info] i  functions: updating Node.js 8 function sql_getDatosEmpresaPorRazonSocial(us-central1)...
[debug] [2019-05-27T22:39:25.016Z] Trigger is:  {"httpsTrigger":{}}
[info] i  functions: updating Node.js 8 function sql_getPedidoDetallado(us-central1)...
[debug] [2019-05-27T22:39:25.017Z] Trigger is:  {"httpsTrigger":{}}
[info] i  functions: updating Node.js 8 function sql_getRemitoDetallado(us-central1)...
[debug] [2019-05-27T22:39:25.019Z] Trigger is:  {"httpsTrigger":{}}
[info] i  functions: updating Node.js 8 function sql_getPedidos(us-central1)...
[debug] [2019-05-27T22:39:25.020Z] Trigger is:  {"httpsTrigger":{}}
[info] i  functions: updating Node.js 8 function sql_getNovedades(us-central1)...
[debug] [2019-05-27T22:39:25.022Z] Trigger is:  {"httpsTrigger":{}}
[info] i  functions: updating Node.js 8 function sql_getDetallePedido(us-central1)...
[debug] [2019-05-27T22:39:25.026Z] Trigger is:  {"httpsTrigger":{}}
[info] i  functions: updating Node.js 8 function buscaVehiculos(us-central1)...
[debug] [2019-05-27T22:39:25.028Z] Trigger is:  {"httpsTrigger":{}}
[info] i  functions: updating Node.js 8 function buscaVehiculosHistorico(us-central1)...
[debug] [2019-05-27T22:39:25.030Z] Trigger is:  {"httpsTrigger":{}}
[info] i  functions: updating Node.js 8 function hello(us-central1)...
[debug] [2019-05-27T22:39:25.032Z] Trigger is:  {"eventTrigger":{"resource":"projects/_/instances/nutraltest/refs/hello","eventType":"providers/google.firebase.database/eventTypes/ref.write","service":"firebaseio.com"}}
[info] i  functions: updating Node.js 8 function mensaje1(us-central1)...
[debug] [2019-05-27T22:39:25.033Z] Trigger is:  {"eventTrigger":{"resource":"projects/nutraltest/databases/(default)/documents/novedades_pedidos/{COD_CLIENT}","eventType":"providers/cloud.firestore/eventTypes/document.write","service":"firestore.googleapis.com"}}
[info] i  functions: updating Node.js 8 function checkIP(us-central1)...
[debug] [2019-05-27T22:39:25.035Z] Trigger is:  {"httpsTrigger":{}}
[info] i  functions: updating Node.js 8 function scheduledFunctionCrontab(us-central1)...
[debug] [2019-05-27T22:39:25.037Z] Trigger is:  {"eventTrigger":{"resource":"projects/nutraltest/topics/firebase-schedule-scheduledFunctionCrontab-us-central1","eventType":"google.pubsub.topic.publish","service":"pubsub.googleapis.com"}}
[info] i  functions: updating Node.js 8 function sql_getNovedadesPedido1(us-central1)...
[debug] [2019-05-27T22:39:25.038Z] Trigger is:  {"httpsTrigger":{}}
[info] i  scheduler: ensuring necessary APIs are enabled...
[info] i  pubsub: ensuring necessary APIs are enabled...
[debug] [2019-05-27T22:39:25.043Z] >>> HTTP REQUEST GET https://servicemanagement.googleapis.com/v1/services/cloudscheduler.googleapis.com/projectSettings/nutraltest?view=CONSUMER_VIEW  
 
[debug] [2019-05-27T22:39:25.043Z] >>> HTTP REQUEST GET https://servicemanagement.googleapis.com/v1/services/pubsub.googleapis.com/projectSettings/nutraltest?view=CONSUMER_VIEW  
 
[debug] [2019-05-27T22:39:26.737Z] <<< HTTP RESPONSE 200
[info] +  scheduler: all necessary APIs are enabled
[debug] [2019-05-27T22:39:26.818Z] <<< HTTP RESPONSE 200
[info] +  pubsub: all necessary APIs are enabled
[debug] [2019-05-27T22:39:26.828Z] >>> HTTP REQUEST POST https://cloudscheduler.googleapis.com/v1beta1/projects/nutraltest/locations/us-central1/jobs  

[debug] [2019-05-27T22:39:30.593Z] <<< HTTP RESPONSE 409
[debug] [2019-05-27T22:39:30.594Z] <<< HTTP RESPONSE BODY
[info] i  functions: re-creating scheduler job firebase-schedule-scheduledFunctionCrontab-us-central1
[debug] [2019-05-27T22:39:30.609Z] >>> HTTP REQUEST DELETE https://cloudscheduler.googleapis.com/v1beta1/projects/nutraltest/locations/us-central1/jobs/firebase-schedule-scheduledFunctionCrontab-us-central1  
 
[debug] [2019-05-27T22:39:33.579Z] <<< HTTP RESPONSE 200
[debug] [2019-05-27T22:39:33.580Z] >>> HTTP REQUEST POST https://cloudscheduler.googleapis.com/v1beta1/projects/nutraltest/locations/us-central1/jobs  

[debug] [2019-05-27T22:39:37.917Z] <<< HTTP RESPONSE 200
[debug] [2019-05-27T22:39:37.921Z] >>> HTTP REQUEST PATCH https://cloudfunctions.googleapis.com/v1/projects/nutraltest/locations/us-central1/functions/sql_get2 {"updateMask":"sourceUploadUrl,name,labels,runtime,httpsTrigger"} 

[debug] [2019-05-27T22:39:37.922Z] >>> HTTP REQUEST PATCH https://cloudfunctions.googleapis.com/v1/projects/nutraltest/locations/us-central1/functions/sql_getDatosEmpresa {"updateMask":"sourceUploadUrl,name,labels,runtime,httpsTrigger"} 

[debug] [2019-05-27T22:39:37.922Z] >>> HTTP REQUEST PATCH https://cloudfunctions.googleapis.com/v1/projects/nutraltest/locations/us-central1/functions/sql_getDatosEmpresaPorRazonSocial {"updateMask":"sourceUploadUrl,name,labels,runtime,httpsTrigger"} 

[debug] [2019-05-27T22:39:37.923Z] >>> HTTP REQUEST PATCH https://cloudfunctions.googleapis.com/v1/projects/nutraltest/locations/us-central1/functions/sql_getPedidoDetallado {"updateMask":"sourceUploadUrl,name,labels,runtime,httpsTrigger"} 

[debug] [2019-05-27T22:39:37.923Z] >>> HTTP REQUEST PATCH https://cloudfunctions.googleapis.com/v1/projects/nutraltest/locations/us-central1/functions/sql_getRemitoDetallado {"updateMask":"sourceUploadUrl,name,labels,runtime,httpsTrigger"} 

[debug] [2019-05-27T22:39:37.923Z] >>> HTTP REQUEST PATCH https://cloudfunctions.googleapis.com/v1/projects/nutraltest/locations/us-central1/functions/sql_getPedidos {"updateMask":"sourceUploadUrl,name,labels,runtime,httpsTrigger"} 

[debug] [2019-05-27T22:39:37.924Z] >>> HTTP REQUEST PATCH https://cloudfunctions.googleapis.com/v1/projects/nutraltest/locations/us-central1/functions/sql_getNovedades {"updateMask":"sourceUploadUrl,name,labels,runtime,httpsTrigger"} 

[debug] [2019-05-27T22:39:37.924Z] >>> HTTP REQUEST PATCH https://cloudfunctions.googleapis.com/v1/projects/nutraltest/locations/us-central1/functions/sql_getDetallePedido {"updateMask":"sourceUploadUrl,name,labels,runtime,httpsTrigger"} 

[debug] [2019-05-27T22:39:37.925Z] >>> HTTP REQUEST PATCH https://cloudfunctions.googleapis.com/v1/projects/nutraltest/locations/us-central1/functions/buscaVehiculos {"updateMask":"sourceUploadUrl,name,labels,runtime,httpsTrigger"} 

[debug] [2019-05-27T22:39:37.925Z] >>> HTTP REQUEST PATCH https://cloudfunctions.googleapis.com/v1/projects/nutraltest/locations/us-central1/functions/buscaVehiculosHistorico {"updateMask":"sourceUploadUrl,name,labels,runtime,httpsTrigger"} 

[debug] [2019-05-27T22:39:37.928Z] >>> HTTP REQUEST PATCH https://cloudfunctions.googleapis.com/v1/projects/nutraltest/locations/us-central1/functions/hello {"updateMask":"sourceUploadUrl,name,labels,runtime,eventTrigger.resource,eventTrigger.eventType,eventTrigger.service"} 

[debug] [2019-05-27T22:39:37.929Z] >>> HTTP REQUEST PATCH https://cloudfunctions.googleapis.com/v1/projects/nutraltest/locations/us-central1/functions/mensaje1 {"updateMask":"sourceUploadUrl,name,labels,runtime,eventTrigger.resource,eventTrigger.eventType,eventTrigger.service"} 

[debug] [2019-05-27T22:39:37.929Z] >>> HTTP REQUEST PATCH https://cloudfunctions.googleapis.com/v1/projects/nutraltest/locations/us-central1/functions/checkIP {"updateMask":"sourceUploadUrl,name,labels,runtime,httpsTrigger"} 

[debug] [2019-05-27T22:39:37.930Z] >>> HTTP REQUEST PATCH https://cloudfunctions.googleapis.com/v1/projects/nutraltest/locations/us-central1/functions/scheduledFunctionCrontab {"updateMask":"sourceUploadUrl,name,labels,runtime,eventTrigger.resource,eventTrigger.eventType,eventTrigger.service"} 

[debug] [2019-05-27T22:39:37.931Z] >>> HTTP REQUEST PATCH https://cloudfunctions.googleapis.com/v1/projects/nutraltest/locations/us-central1/functions/sql_getNovedadesPedido1 {"updateMask":"sourceUploadUrl,name,labels,runtime,httpsTrigger"} 

[debug] [2019-05-27T22:39:39.226Z] <<< HTTP RESPONSE 200
[debug] [2019-05-27T22:39:39.235Z] <<< HTTP RESPONSE 200
[debug] [2019-05-27T22:39:39.238Z] <<< HTTP RESPONSE 200
[debug] [2019-05-27T22:39:39.240Z] <<< HTTP RESPONSE 200
[debug] [2019-05-27T22:39:39.244Z] <<< HTTP RESPONSE 200
[debug] [2019-05-27T22:39:39.247Z] <<< HTTP RESPONSE 200
[debug] [2019-05-27T22:39:39.250Z] <<< HTTP RESPONSE 200
[debug] [2019-05-27T22:39:39.252Z] <<< HTTP RESPONSE 200
[debug] [2019-05-27T22:39:39.254Z] <<< HTTP RESPONSE 200
[debug] [2019-05-27T22:39:39.255Z] <<< HTTP RESPONSE 200
[debug] [2019-05-27T22:39:39.257Z] <<< HTTP RESPONSE 200
[debug] [2019-05-27T22:39:39.258Z] <<< HTTP RESPONSE 200
[debug] [2019-05-27T22:39:39.275Z] <<< HTTP RESPONSE 200
[debug] [2019-05-27T22:39:39.303Z] <<< HTTP RESPONSE 200
[debug] [2019-05-27T22:39:39.311Z] <<< HTTP RESPONSE 200
[debug] [2019-05-27T22:39:39.313Z] >>> HTTP REQUEST GET https://cloudfunctions.googleapis.com/v1/projects/nutraltest/locations/-/functions  
 
